<?xml version="1.0" encoding="UTF-8"?>
<!-- Generated by org.testng.reporters.JUnitXMLReporter -->
<testsuite hostname="LAPTOP-UKNL6QE2" name="Test" tests="3" failures="1" timestamp="10 Jun 2018 02:55:02 GMT" time="0.032" errors="0">
  <testcase name="name" time="0.01" classname="com.selenium.PracticOne.FailTestDemo">
    <skipped/>
  </testcase> <!-- name -->
  <testcase name="name" time="0.001" classname="com.selenium.PracticOne.FailTestDemo">
    <failure type="java.lang.AssertionError" message="expected [true] but found [false]">
      <![CDATA[java.lang.AssertionError: expected [true] but found [false]
	at com.selenium.PracticOne.FailTestDemo.name(FailTestDemo.java:10)
... Removed 29 stack frames]]>
    </failure>
  </testcase> <!-- name -->
  <testcase name="name2" time="0.001" classname="com.selenium.PracticOne.FailTestDemo"/>
</testsuite> <!-- Test -->
